[+] Containers:
 |- [+] Container: /Game/Art/ArtTestMap
 |   |- [+] ActorDescs:
 |   |   |- Guid:055D32694B10650BBF3E26A646CF3EAD BaseClass: NativeClass:/Script/Engine.StaticMeshActor Name:StaticMeshActor_UAID_C87F54A6D220C4B601_1495041848 Label:PlayerMesh_ScaleReference SpatiallyLoaded:1 Bounds:IsValid=true, Min=(X=-69.363 Y=-21.972 Z=-0.037), Max=(X=69.363 Y=14.751 Z=182.530) RuntimeGrid:None EditorOnly:0 RuntimeOnly:0 HLODRelevant:1
 |   |   |- Guid:0DA1B54140F8C22EDFF564A26384BA16 BaseClass: NativeClass:/Script/Engine.StaticMeshActor Name:StaticMeshActor_UAID_C87F54A6D220CBB601_1906747084 Label:Sphere2 SpatiallyLoaded:1 Bounds:IsValid=true, Min=(X=12668.887 Y=-5240.171 Z=3296.187), Max=(X=16643.887 Y=-1265.171 Z=9646.187) RuntimeGrid:None EditorOnly:0 RuntimeOnly:0 HLODRelevant:1
 |   |   |- Guid:11DC61494994A6DAACAEC3821AD97C94 BaseClass: NativeClass:/Script/Engine.StaticMeshActor Name:StaticMeshActor_UAID_C87F54A6D220CBB601_1918420085 Label:Cube SpatiallyLoaded:1 Bounds:IsValid=true, Min=(X=11625.000 Y=-5395.000 Z=4190.000), Max=(X=18175.000 Y=6155.000 Z=4390.000) RuntimeGrid:None EditorOnly:0 RuntimeOnly:0 HLODRelevant:1
 |   |   |- Guid:149D3F4849AEF3C0AE914CAC3CF07786 BaseClass: NativeClass:/Script/Engine.StaticMeshActor Name:StaticMeshActor_UAID_C87F54A6D220CBB601_1876332083 Label:Sphere SpatiallyLoaded:1 Bounds:IsValid=true, Min=(X=13968.887 Y=-2420.171 Z=2883.687), Max=(X=17943.887 Y=1554.829 Z=6858.687) RuntimeGrid:None EditorOnly:0 RuntimeOnly:0 HLODRelevant:1
 |   |   |- Guid:150B4F2046AB8B5F7BBB4CB10D53F362 BaseClass: NativeClass:/Script/Landscape.Landscape Name:Landscape_UAID_C87F54A6D220C4B601_1238911847 Label:Landscape SpatiallyLoaded:0 Bounds:IsValid=true, Min=(X=-15700.000 Y=-15700.000 Z=0.000), Max=(X=-15700.000 Y=-15700.000 Z=0.000) RuntimeGrid:None EditorOnly:0 RuntimeOnly:0 HLODRelevant:0
 |   |   |- Guid:5BDAE99F46251A3D7E454C9B84CAB722 BaseClass: NativeClass:/Script/Engine.PlayerStart Name:PlayerStart_0 Label:PlayerStart SpatiallyLoaded:0 Bounds:IsValid=true, Min=(X=860.000 Y=1070.000 Z=0.013), Max=(X=940.000 Y=1150.000 Z=184.013) RuntimeGrid:None EditorOnly:0 RuntimeOnly:0 HLODRelevant:0
 |   |   |- Guid:60CD1CEB4E9725E0E8D655B2ED3E0E65 BaseClass: NativeClass:/Script/Niagara.NiagaraActor Name:NiagaraActor_UAID_C87F54A6D220CAB601_1578722905 Label:NS_HoneyDrip SpatiallyLoaded:1 Bounds:IsValid=true, Min=(X=-7306.458 Y=-12441.951 Z=-24336.666), Max=(X=15312.576 Y=10250.881 Z=16327.313) RuntimeGrid:None EditorOnly:0 RuntimeOnly:0 HLODRelevant:0
 |   |   |- Guid:61E27243481F5B039575768D724B432E BaseClass: NativeClass:/Script/Engine.StaticMeshActor Name:StaticMeshActor_UAID_C87F54A6D220C4B601_1542579849 Label:BeeHiveDome SpatiallyLoaded:1 Bounds:IsValid=true, Min=(X=-16966.901 Y=-16966.904 Z=-17326.896), Max=(X=16966.896 Y=16966.898 Z=16606.896) RuntimeGrid:None EditorOnly:0 RuntimeOnly:0 HLODRelevant:1
 |   |   |- Guid:77DBC4824B546350EDD580BF4B406C7E BaseClass: NativeClass:/Script/Engine.StaticMeshActor Name:StaticMeshActor_UAID_C87F54A6D220CBB601_1975568087 Label:Sphere4 SpatiallyLoaded:1 Bounds:IsValid=true, Min=(X=571.412 Y=-13847.647 Z=-1543.813), Max=(X=6001.363 Y=-8417.696 Z=4806.187) RuntimeGrid:None EditorOnly:0 RuntimeOnly:0 HLODRelevant:1
 |   |   |- Guid:7B73D6F04491ECBC9C2566ABF5054371 BaseClass: NativeClass:/Script/Engine.WorldDataLayers Name:WorldDataLayers Label:WorldDataLayers SpatiallyLoaded:0 Bounds:IsValid=true, Min=(X=0.000 Y=0.000 Z=0.000), Max=(X=0.000 Y=0.000 Z=0.000) RuntimeGrid:None EditorOnly:0 RuntimeOnly:0 HLODRelevant:0
 |   |   |- Guid:7DE6B3CD416A997C3B9E1EA269E58037 BaseClass: NativeClass:/Script/Engine.StaticMeshActor Name:StaticMeshActor_UAID_C87F54A6D220CBB601_1985845088 Label:Sphere5 SpatiallyLoaded:1 Bounds:IsValid=true, Min=(X=7341.712 Y=575.794 Z=-1956.313), Max=(X=12941.819 Y=6175.901 Z=2018.687) RuntimeGrid:None EditorOnly:0 RuntimeOnly:0 HLODRelevant:1
 |   |   |- Guid:82CE3E2F4D04649CF155EB8125452BA5 BaseClass: NativeClass:/Script/Engine.DirectionalLight Name:DirectionalLight_0 Label:DirectionalLight SpatiallyLoaded:0 Bounds:IsValid=true, Min=(X=-4398046511104.000 Y=-4398046511104.000 Z=-4398046511104.000), Max=(X=4398046511104.000 Y=4398046511104.000 Z=4398046511104.000) RuntimeGrid:None EditorOnly:0 RuntimeOnly:0 HLODRelevant:0 FolderPath:Lighting FolderGuid:963EC3EB4002CCE9759E2EBA541A873A
 |   |   |- Guid:8C48C7B24B1ABEB2260A6BBF9882B3A1 BaseClass: NativeClass:/Script/Engine.ExponentialHeightFog Name:ExponentialHeightFog_0 Label:ExponentialHeightFog SpatiallyLoaded:0 Bounds:IsValid=true, Min=(X=-5600.000 Y=-50.000 Z=-6850.000), Max=(X=-5600.000 Y=-50.000 Z=-6850.000) RuntimeGrid:None EditorOnly:0 RuntimeOnly:0 HLODRelevant:0 FolderPath:Lighting FolderGuid:963EC3EB4002CCE9759E2EBA541A873A
 |   |   |- Guid:8D64457B45CE8FCE53A056AEF12E7421 BaseClass: NativeClass:/Script/Engine.StaticMeshActor Name:StaticMeshActor_UAID_C87F54A6D220CBB601_1985846089 Label:Sphere6 SpatiallyLoaded:1 Bounds:IsValid=true, Min=(X=8696.333 Y=-2132.725 Z=-1543.813), Max=(X=14296.441 Y=3467.382 Z=4806.187) RuntimeGrid:None EditorOnly:0 RuntimeOnly:0 HLODRelevant:1
 |   |   |- Guid:944400BC46C31F5659A743823A84A683 BaseClass: NativeClass:/Script/Engine.SkyLight Name:SkyLight_1 Label:SkyLight SpatiallyLoaded:0 Bounds:IsValid=true, Min=(X=0.000 Y=0.000 Z=690.000), Max=(X=0.000 Y=0.000 Z=690.000) RuntimeGrid:None EditorOnly:0 RuntimeOnly:0 HLODRelevant:0 FolderPath:Lighting FolderGuid:963EC3EB4002CCE9759E2EBA541A873A
 |   |   |- Guid:B6997AD343354FFF9DF1FD9C1FE21D04 BaseClass: NativeClass:/Script/Engine.StaticMeshActor Name:StaticMeshActor_UAID_C87F54A6D220C7B601_1904451375 Label:Plane SpatiallyLoaded:1 Bounds:IsValid=true, Min=(X=-17650.000 Y=-17499.999 Z=-0.000), Max=(X=17350.000 Y=17499.999 Z=0.000) RuntimeGrid:None EditorOnly:0 RuntimeOnly:0 HLODRelevant:1
 |   |   |- Guid:B9CED8894E31BFCA295104AFB3B3B61B BaseClass: NativeClass:/Script/Engine.VolumetricCloud Name:VolumetricCloud_0 Label:VolumetricCloud SpatiallyLoaded:0 Bounds:IsValid=true, Min=(X=0.000 Y=0.000 Z=820.000), Max=(X=0.000 Y=0.000 Z=820.000) RuntimeGrid:None EditorOnly:0 RuntimeOnly:0 HLODRelevant:0 FolderPath:Lighting FolderGuid:963EC3EB4002CCE9759E2EBA541A873A
 |   |   |- Guid:C0B3003F4D345D238FA211A52F42AFA5 BaseClass: NativeClass:/Script/Niagara.NiagaraActor Name:NiagaraActor_UAID_C87F54A6D220CAB601_2038319906 Label:NS_Rain SpatiallyLoaded:1 Bounds:IsValid=true, Min=(X=2925.110 Y=8257.444 Z=-624.745), Max=(X=4956.230 Y=10740.373 Z=1771.579) RuntimeGrid:None EditorOnly:0 RuntimeOnly:0 HLODRelevant:0
 |   |   |- Guid:CA482E5147A2E107939E7FB50A898C05 BaseClass: NativeClass:/Script/Engine.PostProcessVolume Name:PostProcessVolume_0 Label:PostProcessVolume SpatiallyLoaded:0 Bounds:IsValid=true, Min=(X=0.000 Y=0.000 Z=400.000), Max=(X=200.000 Y=200.000 Z=600.000) RuntimeGrid:None EditorOnly:0 RuntimeOnly:0 HLODRelevant:0 FolderPath:Lighting FolderGuid:963EC3EB4002CCE9759E2EBA541A873A
 |   |   |- Guid:DA93EE704B825E346514D6B77020741C BaseClass: NativeClass:/Script/Engine.SkyAtmosphere Name:SkyAtmosphere_0 Label:SkyAtmosphere SpatiallyLoaded:0 Bounds:IsValid=true, Min=(X=0.000 Y=0.000 Z=1020.000), Max=(X=0.000 Y=0.000 Z=1020.000) RuntimeGrid:None EditorOnly:0 RuntimeOnly:0 HLODRelevant:0 FolderPath:Lighting FolderGuid:963EC3EB4002CCE9759E2EBA541A873A
 |   |   |- Guid:DFA59CF642317BF01D045DA10950F8BD BaseClass: NativeClass:/Script/Engine.StaticMeshActor Name:StaticMeshActor_UAID_C87F54A6D220CBB601_1973964086 Label:Sphere3 SpatiallyLoaded:1 Bounds:IsValid=true, Min=(X=3663.603 Y=-13563.480 Z=-1956.313), Max=(X=9093.554 Y=-8133.529 Z=2018.687) RuntimeGrid:None EditorOnly:0 RuntimeOnly:0 HLODRelevant:1
 |   |   |- Guid:FD8BD0314CB00C22890837851D332C09 BaseClass: NativeClass:/Script/Engine.StaticMeshActor Name:StaticMeshActor_UAID_A4AE111137DC5EFB00_1110535423 Label:SM_SkySphere SpatiallyLoaded:0 Bounds:IsValid=true, Min=(X=-1638400.000 Y=-1638400.000 Z=-1638400.000), Max=(X=1638400.000 Y=1638400.000 Z=1638400.000) RuntimeGrid:None EditorOnly:0 RuntimeOnly:0 HLODRelevant:1 FolderPath:Lighting FolderGuid:963EC3EB4002CCE9759E2EBA541A873A
 |   |- [+] Clusters:
 |   |   |- [+] [  0]
 |   |   |   |- Guid:7B73D6F04491ECBC9C2566ABF5054371 BaseClass: NativeClass:/Script/Engine.WorldDataLayers Name:WorldDataLayers Label:WorldDataLayers SpatiallyLoaded:0 Bounds:IsValid=true, Min=(X=0.000 Y=0.000 Z=0.000), Max=(X=0.000 Y=0.000 Z=0.000) RuntimeGrid:None EditorOnly:0 RuntimeOnly:0 HLODRelevant:0
 |   |   |- [+] [  1]
 |   |   |   |- Guid:82CE3E2F4D04649CF155EB8125452BA5 BaseClass: NativeClass:/Script/Engine.DirectionalLight Name:DirectionalLight_0 Label:DirectionalLight SpatiallyLoaded:0 Bounds:IsValid=true, Min=(X=-4398046511104.000 Y=-4398046511104.000 Z=-4398046511104.000), Max=(X=4398046511104.000 Y=4398046511104.000 Z=4398046511104.000) RuntimeGrid:None EditorOnly:0 RuntimeOnly:0 HLODRelevant:0 FolderPath:Lighting FolderGuid:963EC3EB4002CCE9759E2EBA541A873A
 |   |   |- [+] [  2]
 |   |   |   |- Guid:CA482E5147A2E107939E7FB50A898C05 BaseClass: NativeClass:/Script/Engine.PostProcessVolume Name:PostProcessVolume_0 Label:PostProcessVolume SpatiallyLoaded:0 Bounds:IsValid=true, Min=(X=0.000 Y=0.000 Z=400.000), Max=(X=200.000 Y=200.000 Z=600.000) RuntimeGrid:None EditorOnly:0 RuntimeOnly:0 HLODRelevant:0 FolderPath:Lighting FolderGuid:963EC3EB4002CCE9759E2EBA541A873A
 |   |   |- [+] [  3]
 |   |   |   |- Guid:8C48C7B24B1ABEB2260A6BBF9882B3A1 BaseClass: NativeClass:/Script/Engine.ExponentialHeightFog Name:ExponentialHeightFog_0 Label:ExponentialHeightFog SpatiallyLoaded:0 Bounds:IsValid=true, Min=(X=-5600.000 Y=-50.000 Z=-6850.000), Max=(X=-5600.000 Y=-50.000 Z=-6850.000) RuntimeGrid:None EditorOnly:0 RuntimeOnly:0 HLODRelevant:0 FolderPath:Lighting FolderGuid:963EC3EB4002CCE9759E2EBA541A873A
 |   |   |- [+] [  4]
 |   |   |   |- Guid:B9CED8894E31BFCA295104AFB3B3B61B BaseClass: NativeClass:/Script/Engine.VolumetricCloud Name:VolumetricCloud_0 Label:VolumetricCloud SpatiallyLoaded:0 Bounds:IsValid=true, Min=(X=0.000 Y=0.000 Z=820.000), Max=(X=0.000 Y=0.000 Z=820.000) RuntimeGrid:None EditorOnly:0 RuntimeOnly:0 HLODRelevant:0 FolderPath:Lighting FolderGuid:963EC3EB4002CCE9759E2EBA541A873A
 |   |   |- [+] [  5]
 |   |   |   |- Guid:61E27243481F5B039575768D724B432E BaseClass: NativeClass:/Script/Engine.StaticMeshActor Name:StaticMeshActor_UAID_C87F54A6D220C4B601_1542579849 Label:BeeHiveDome SpatiallyLoaded:1 Bounds:IsValid=true, Min=(X=-16966.901 Y=-16966.904 Z=-17326.896), Max=(X=16966.896 Y=16966.898 Z=16606.896) RuntimeGrid:None EditorOnly:0 RuntimeOnly:0 HLODRelevant:1
 |   |   |- [+] [  6]
 |   |   |   |- Guid:150B4F2046AB8B5F7BBB4CB10D53F362 BaseClass: NativeClass:/Script/Landscape.Landscape Name:Landscape_UAID_C87F54A6D220C4B601_1238911847 Label:Landscape SpatiallyLoaded:0 Bounds:IsValid=true, Min=(X=-15700.000 Y=-15700.000 Z=0.000), Max=(X=-15700.000 Y=-15700.000 Z=0.000) RuntimeGrid:None EditorOnly:0 RuntimeOnly:0 HLODRelevant:0
 |   |   |- [+] [  7]
 |   |   |   |- Guid:DA93EE704B825E346514D6B77020741C BaseClass: NativeClass:/Script/Engine.SkyAtmosphere Name:SkyAtmosphere_0 Label:SkyAtmosphere SpatiallyLoaded:0 Bounds:IsValid=true, Min=(X=0.000 Y=0.000 Z=1020.000), Max=(X=0.000 Y=0.000 Z=1020.000) RuntimeGrid:None EditorOnly:0 RuntimeOnly:0 HLODRelevant:0 FolderPath:Lighting FolderGuid:963EC3EB4002CCE9759E2EBA541A873A
 |   |   |- [+] [  8]
 |   |   |   |- Guid:FD8BD0314CB00C22890837851D332C09 BaseClass: NativeClass:/Script/Engine.StaticMeshActor Name:StaticMeshActor_UAID_A4AE111137DC5EFB00_1110535423 Label:SM_SkySphere SpatiallyLoaded:0 Bounds:IsValid=true, Min=(X=-1638400.000 Y=-1638400.000 Z=-1638400.000), Max=(X=1638400.000 Y=1638400.000 Z=1638400.000) RuntimeGrid:None EditorOnly:0 RuntimeOnly:0 HLODRelevant:1 FolderPath:Lighting FolderGuid:963EC3EB4002CCE9759E2EBA541A873A
 |   |   |- [+] [  9]
 |   |   |   |- Guid:C0B3003F4D345D238FA211A52F42AFA5 BaseClass: NativeClass:/Script/Niagara.NiagaraActor Name:NiagaraActor_UAID_C87F54A6D220CAB601_2038319906 Label:NS_Rain SpatiallyLoaded:1 Bounds:IsValid=true, Min=(X=2925.110 Y=8257.444 Z=-624.745), Max=(X=4956.230 Y=10740.373 Z=1771.579) RuntimeGrid:None EditorOnly:0 RuntimeOnly:0 HLODRelevant:0
 |   |   |- [+] [ 10]
 |   |   |   |- Guid:B6997AD343354FFF9DF1FD9C1FE21D04 BaseClass: NativeClass:/Script/Engine.StaticMeshActor Name:StaticMeshActor_UAID_C87F54A6D220C7B601_1904451375 Label:Plane SpatiallyLoaded:1 Bounds:IsValid=true, Min=(X=-17650.000 Y=-17499.999 Z=-0.000), Max=(X=17350.000 Y=17499.999 Z=0.000) RuntimeGrid:None EditorOnly:0 RuntimeOnly:0 HLODRelevant:1
 |   |   |- [+] [ 11]
 |   |   |   |- Guid:055D32694B10650BBF3E26A646CF3EAD BaseClass: NativeClass:/Script/Engine.StaticMeshActor Name:StaticMeshActor_UAID_C87F54A6D220C4B601_1495041848 Label:PlayerMesh_ScaleReference SpatiallyLoaded:1 Bounds:IsValid=true, Min=(X=-69.363 Y=-21.972 Z=-0.037), Max=(X=69.363 Y=14.751 Z=182.530) RuntimeGrid:None EditorOnly:0 RuntimeOnly:0 HLODRelevant:1
 |   |   |- [+] [ 12]
 |   |   |   |- Guid:944400BC46C31F5659A743823A84A683 BaseClass: NativeClass:/Script/Engine.SkyLight Name:SkyLight_1 Label:SkyLight SpatiallyLoaded:0 Bounds:IsValid=true, Min=(X=0.000 Y=0.000 Z=690.000), Max=(X=0.000 Y=0.000 Z=690.000) RuntimeGrid:None EditorOnly:0 RuntimeOnly:0 HLODRelevant:0 FolderPath:Lighting FolderGuid:963EC3EB4002CCE9759E2EBA541A873A
 |   |   |- [+] [ 13]
 |   |   |   |- Guid:5BDAE99F46251A3D7E454C9B84CAB722 BaseClass: NativeClass:/Script/Engine.PlayerStart Name:PlayerStart_0 Label:PlayerStart SpatiallyLoaded:0 Bounds:IsValid=true, Min=(X=860.000 Y=1070.000 Z=0.013), Max=(X=940.000 Y=1150.000 Z=184.013) RuntimeGrid:None EditorOnly:0 RuntimeOnly:0 HLODRelevant:0
 |   |   |- [+] [ 14]
 |   |   |   |- Guid:60CD1CEB4E9725E0E8D655B2ED3E0E65 BaseClass: NativeClass:/Script/Niagara.NiagaraActor Name:NiagaraActor_UAID_C87F54A6D220CAB601_1578722905 Label:NS_HoneyDrip SpatiallyLoaded:1 Bounds:IsValid=true, Min=(X=-7306.458 Y=-12441.951 Z=-24336.666), Max=(X=15312.576 Y=10250.881 Z=16327.313) RuntimeGrid:None EditorOnly:0 RuntimeOnly:0 HLODRelevant:0
 |   |   |- [+] [ 15]
 |   |   |   |- Guid:149D3F4849AEF3C0AE914CAC3CF07786 BaseClass: NativeClass:/Script/Engine.StaticMeshActor Name:StaticMeshActor_UAID_C87F54A6D220CBB601_1876332083 Label:Sphere SpatiallyLoaded:1 Bounds:IsValid=true, Min=(X=13968.887 Y=-2420.171 Z=2883.687), Max=(X=17943.887 Y=1554.829 Z=6858.687) RuntimeGrid:None EditorOnly:0 RuntimeOnly:0 HLODRelevant:1
 |   |   |- [+] [ 16]
 |   |   |   |- Guid:0DA1B54140F8C22EDFF564A26384BA16 BaseClass: NativeClass:/Script/Engine.StaticMeshActor Name:StaticMeshActor_UAID_C87F54A6D220CBB601_1906747084 Label:Sphere2 SpatiallyLoaded:1 Bounds:IsValid=true, Min=(X=12668.887 Y=-5240.171 Z=3296.187), Max=(X=16643.887 Y=-1265.171 Z=9646.187) RuntimeGrid:None EditorOnly:0 RuntimeOnly:0 HLODRelevant:1
 |   |   |- [+] [ 17]
 |   |   |   |- Guid:11DC61494994A6DAACAEC3821AD97C94 BaseClass: NativeClass:/Script/Engine.StaticMeshActor Name:StaticMeshActor_UAID_C87F54A6D220CBB601_1918420085 Label:Cube SpatiallyLoaded:1 Bounds:IsValid=true, Min=(X=11625.000 Y=-5395.000 Z=4190.000), Max=(X=18175.000 Y=6155.000 Z=4390.000) RuntimeGrid:None EditorOnly:0 RuntimeOnly:0 HLODRelevant:1
 |   |   |- [+] [ 18]
 |   |   |   |- Guid:DFA59CF642317BF01D045DA10950F8BD BaseClass: NativeClass:/Script/Engine.StaticMeshActor Name:StaticMeshActor_UAID_C87F54A6D220CBB601_1973964086 Label:Sphere3 SpatiallyLoaded:1 Bounds:IsValid=true, Min=(X=3663.603 Y=-13563.480 Z=-1956.313), Max=(X=9093.554 Y=-8133.529 Z=2018.687) RuntimeGrid:None EditorOnly:0 RuntimeOnly:0 HLODRelevant:1
 |   |   |- [+] [ 19]
 |   |   |   |- Guid:77DBC4824B546350EDD580BF4B406C7E BaseClass: NativeClass:/Script/Engine.StaticMeshActor Name:StaticMeshActor_UAID_C87F54A6D220CBB601_1975568087 Label:Sphere4 SpatiallyLoaded:1 Bounds:IsValid=true, Min=(X=571.412 Y=-13847.647 Z=-1543.813), Max=(X=6001.363 Y=-8417.696 Z=4806.187) RuntimeGrid:None EditorOnly:0 RuntimeOnly:0 HLODRelevant:1
 |   |   |- [+] [ 20]
 |   |   |   |- Guid:7DE6B3CD416A997C3B9E1EA269E58037 BaseClass: NativeClass:/Script/Engine.StaticMeshActor Name:StaticMeshActor_UAID_C87F54A6D220CBB601_1985845088 Label:Sphere5 SpatiallyLoaded:1 Bounds:IsValid=true, Min=(X=7341.712 Y=575.794 Z=-1956.313), Max=(X=12941.819 Y=6175.901 Z=2018.687) RuntimeGrid:None EditorOnly:0 RuntimeOnly:0 HLODRelevant:1
 |   |   |- [+] [ 21]
 |   |   |   |- Guid:8D64457B45CE8FCE53A056AEF12E7421 BaseClass: NativeClass:/Script/Engine.StaticMeshActor Name:StaticMeshActor_UAID_C87F54A6D220CBB601_1985846089 Label:Sphere6 SpatiallyLoaded:1 Bounds:IsValid=true, Min=(X=8696.333 Y=-2132.725 Z=-1543.813), Max=(X=14296.441 Y=3467.382 Z=4806.187) RuntimeGrid:None EditorOnly:0 RuntimeOnly:0 HLODRelevant:1
 |- ContainerInstances:
 |- [+] MainContainer:
 |   |-        ID: 0x0000000000000000
 |   |-    Bounds: IsValid=false, Min=(X=0.000 Y=0.000 Z=0.000), Max=(X=0.000 Y=0.000 Z=0.000)
 |   |- Transform: 0.000000,0.000000,0.000000|0.000000,0.000000,-0.000000|1.000000,1.000000,1.000000
 |   |- Container: /Game/Art/ArtTestMap
----------------------------------------------------------------------------------------------------------------
ArtTestMap - Persistent Level
----------------------------------------------------------------------------------------------------------------
Always loaded Actor Count: 32 

----------------------------------------------------------------------------------------------------------------
ArtTestMap - Runtime Spatial Hash - Streaming Grid - MainGrid
----------------------------------------------------------------------------------------------------------------
            Origin: X=0.000 Y=0.000 Z=0.000
         Cell Size: 12800
      World Bounds: IsValid=false, Min=(X=0.000 Y=0.000 Z=0.000), Max=(X=0.000 Y=0.000 Z=0.000)
     Loading Range: 25600.00
Block Slow Loading: No
 ClientOnlyVisible: No

[+] Grid Levels: 1
 |- Level  0: Cell Count    0 | Cell Size   12800 | Actor Count    0 (0.0%)

[+] Content of Grid Level 0

